PasswordManager/app/build/intermediates/manifest_merge_blame_file/release/manifest-merger-blame-release-report.txt
1<?xml version="1.0" encoding="utf-8"?>
2<manifest xmlns:android="http://schemas.android.com/apk/res/android"
3    package="com.example.passwordmanager"
4    android:versionCode="1"
5    android:versionName="1.0" >
6
7    <uses-sdk
8        android:minSdkVersion="16"
8-->src\main\AndroidManifest.xml
9        android:targetSdkVersion="30" />
9-->src\main\AndroidManifest.xml
10
11    <uses-permission android:name="android.permission.USE_BIOMETRIC" />
11-->src\main\AndroidManifest.xml:5:5-72
11-->src\main\AndroidManifest.xml:5:22-69
12    <uses-permission android:name="android.permission.INTERNET" />
12-->src\main\AndroidManifest.xml:6:5-67
12-->src\main\AndroidManifest.xml:6:22-64
13    <uses-permission android:name="android.permission.READ_EXTERNAL_STORAGE" />
13-->src\main\AndroidManifest.xml:7:5-80
13-->src\main\AndroidManifest.xml:7:22-77
14    <uses-permission
14-->src\main\AndroidManifest.xml:8:5-10:38
15        android:name="android.permission.WRITE_EXTERNAL_STORAGE"
15-->src\main\AndroidManifest.xml:9:9-65
16        android:maxSdkVersion="18" />
16-->src\main\AndroidManifest.xml:10:9-35
17
18    <queries>
18-->src\main\AndroidManifest.xml:12:5-18:15
19        <intent>
19-->src\main\AndroidManifest.xml:13:9-17:18
20            <action android:name="android.intent.action.MAIN" />
20-->src\main\AndroidManifest.xml:14:13-65
20-->src\main\AndroidManifest.xml:14:21-62
21
22            <category android:name="android.intent.category.LAUNCHER" />
22-->src\main\AndroidManifest.xml:16:13-73
22-->src\main\AndroidManifest.xml:16:23-70
23        </intent>
24    </queries>
25
26    <uses-permission android:name="android.permission.USE_FINGERPRINT" />
26-->[androidx.biometric:biometric:1.0.1] AndroidManifest.xml:25:5-74
26-->[androidx.biometric:biometric:1.0.1] AndroidManifest.xml:25:22-71
27    <uses-permission android:name="android.permission.WAKE_LOCK" />
27-->[androidx.work:work-runtime:2.4.0] AndroidManifest.xml:25:5-68
27-->[androidx.work:work-runtime:2.4.0] AndroidManifest.xml:25:22-65
28    <uses-permission android:name="android.permission.ACCESS_NETWORK_STATE" />
28-->[androidx.work:work-runtime:2.4.0] AndroidManifest.xml:26:5-79
28-->[androidx.work:work-runtime:2.4.0] AndroidManifest.xml:26:22-76
29    <uses-permission android:name="android.permission.RECEIVE_BOOT_COMPLETED" />
29-->[androidx.work:work-runtime:2.4.0] AndroidManifest.xml:27:5-81
29-->[androidx.work:work-runtime:2.4.0] AndroidManifest.xml:27:22-78
30    <uses-permission android:name="android.permission.FOREGROUND_SERVICE" />
30-->[androidx.work:work-runtime:2.4.0] AndroidManifest.xml:28:5-77
30-->[androidx.work:work-runtime:2.4.0] AndroidManifest.xml:28:22-74
31
32    <application
32-->src\main\AndroidManifest.xml:20:5-102:19
33        android:name="androidx.multidex.MultiDexApplication"
34        android:allowBackup="true"
34-->src\main\AndroidManifest.xml:21:9-35
35        android:appComponentFactory="androidx.core.app.CoreComponentFactory"
35-->[androidx.core:core:1.3.1] AndroidManifest.xml:24:18-86
36        android:fullBackupContent="@xml/backup_rules"
36-->src\main\AndroidManifest.xml:22:9-54
37        android:icon="@mipmap/ic_launcher"
37-->src\main\AndroidManifest.xml:23:9-43
38        android:label="@string/app_name"
38-->src\main\AndroidManifest.xml:24:9-41
39        android:roundIcon="@mipmap/ic_launcher_round"
39-->src\main\AndroidManifest.xml:25:9-54
40        android:supportsRtl="true"
40-->src\main\AndroidManifest.xml:26:9-35
41        android:theme="@style/NoActionBar" >
41-->src\main\AndroidManifest.xml:27:9-43
42        <activity android:name="com.example.accountmanager.AppSettingsActivity" />
42-->src\main\AndroidManifest.xml:28:9-66
42-->src\main\AndroidManifest.xml:28:19-54
43        <activity android:name="com.example.accountmanager.FilterTestActivity" />
43-->src\main\AndroidManifest.xml:29:9-56
43-->src\main\AndroidManifest.xml:29:19-53
44        <activity
44-->src\main\AndroidManifest.xml:30:9-32:62
45            android:name="com.example.accountmanager.HeadingEditActivity"
45-->src\main\AndroidManifest.xml:31:13-48
46            android:configChanges="orientation|screenSize" />
46-->src\main\AndroidManifest.xml:32:13-59
47        <activity
47-->src\main\AndroidManifest.xml:33:9-35:62
48            android:name="com.example.accountmanager.ColorPalettActivity"
48-->src\main\AndroidManifest.xml:34:13-48
49            android:configChanges="orientation|screenSize" />
49-->src\main\AndroidManifest.xml:35:13-59
50        <activity
50-->src\main\AndroidManifest.xml:36:9-38:62
51            android:name="com.example.accountmanager.CropImageActivity"
51-->src\main\AndroidManifest.xml:37:13-46
52            android:configChanges="orientation|screenSize" />
52-->src\main\AndroidManifest.xml:38:13-59
53        <activity
53-->src\main\AndroidManifest.xml:39:9-51:20
54            android:name="com.dropbox.core.android.AuthActivity"
54-->src\main\AndroidManifest.xml:40:13-65
55            android:configChanges="orientation|keyboard"
55-->src\main\AndroidManifest.xml:41:13-57
56            android:launchMode="singleTask" >
56-->src\main\AndroidManifest.xml:42:13-44
57            <intent-filter>
57-->src\main\AndroidManifest.xml:43:13-50:29
58                <action android:name="android.intent.action.VIEW" />
58-->src\main\AndroidManifest.xml:44:17-69
58-->src\main\AndroidManifest.xml:44:25-66
59
60                <category android:name="android.intent.category.BROWSABLE" />
60-->src\main\AndroidManifest.xml:46:17-78
60-->src\main\AndroidManifest.xml:46:27-75
61                <category android:name="android.intent.category.DEFAULT" />
61-->src\main\AndroidManifest.xml:47:17-76
61-->src\main\AndroidManifest.xml:47:27-73
62
63                <data android:scheme="db-mb56hamy5tjecjd" />
63-->src\main\AndroidManifest.xml:49:17-61
63-->src\main\AndroidManifest.xml:49:23-58
64            </intent-filter>
65        </activity>
66        <activity
66-->src\main\AndroidManifest.xml:52:9-54:62
67            android:name="com.example.accountmanager.CloudSyncActivity"
67-->src\main\AndroidManifest.xml:53:13-46
68            android:configChanges="orientation|screenSize" />
68-->src\main\AndroidManifest.xml:54:13-59
69        <activity
69-->src\main\AndroidManifest.xml:55:9-58:69
70            android:name="com.example.accountmanager.OtherSettingsActivity"
70-->src\main\AndroidManifest.xml:56:13-50
71            android:configChanges="orientation|screenSize"
71-->src\main\AndroidManifest.xml:57:13-59
72            android:label="@string/title_activity_other_settings" />
72-->src\main\AndroidManifest.xml:58:13-66
73        <activity
73-->src\main\AndroidManifest.xml:59:9-62:63
74            android:name="com.example.accountmanager.Tutorial"
74-->src\main\AndroidManifest.xml:60:13-37
75            android:configChanges="orientation|screenSize"
75-->src\main\AndroidManifest.xml:61:13-59
76            android:theme="@style/CustomWelcomeScreenTheme" />
76-->src\main\AndroidManifest.xml:62:13-60
77        <activity
77-->src\main\AndroidManifest.xml:63:9-74:20
78            android:name="com.example.accountmanager.PasscodeActivity"
78-->src\main\AndroidManifest.xml:64:13-45
79            android:configChanges="orientation|screenSize"
79-->src\main\AndroidManifest.xml:65:13-59
80            android:label="@string/app_name"
80-->src\main\AndroidManifest.xml:66:13-45
81            android:theme="@style/SplashTheme"
81-->src\main\AndroidManifest.xml:67:13-47
82            android:windowSoftInputMode="adjustPan" >
82-->src\main\AndroidManifest.xml:68:13-52
83            <intent-filter>
83-->src\main\AndroidManifest.xml:69:13-73:29
84                <action android:name="android.intent.action.MAIN" />
84-->src\main\AndroidManifest.xml:14:13-65
84-->src\main\AndroidManifest.xml:14:21-62
85
86                <category android:name="android.intent.category.LAUNCHER" />
86-->src\main\AndroidManifest.xml:16:13-73
86-->src\main\AndroidManifest.xml:16:23-70
87            </intent-filter>
88        </activity>
89        <activity
89-->src\main\AndroidManifest.xml:75:9-78:58
90            android:name="com.example.accountmanager.AddMultiAccountActivity"
90-->src\main\AndroidManifest.xml:76:13-52
91            android:configChanges="orientation|screenSize"
91-->src\main\AndroidManifest.xml:77:13-59
92            android:windowSoftInputMode="adjustResize" />
92-->src\main\AndroidManifest.xml:78:13-55
93        <activity
93-->src\main\AndroidManifest.xml:79:9-82:55
94            android:name="com.example.accountmanager.MultiAccountListActivity"
94-->src\main\AndroidManifest.xml:80:13-53
95            android:configChanges="orientation|screenSize"
95-->src\main\AndroidManifest.xml:81:13-59
96            android:windowSoftInputMode="adjustPan" />
96-->src\main\AndroidManifest.xml:82:13-52
97        <activity
97-->src\main\AndroidManifest.xml:83:9-85:62
98            android:name="com.example.accountmanager.AccountInfoActivity"
98-->src\main\AndroidManifest.xml:84:13-48
99            android:configChanges="orientation|screenSize" />
99-->src\main\AndroidManifest.xml:85:13-59
100        <activity
100-->src\main\AndroidManifest.xml:86:9-89:58
101            android:name="com.example.accountmanager.CreateDataActivity"
101-->src\main\AndroidManifest.xml:87:13-47
102            android:configChanges="orientation|screenSize"
102-->src\main\AndroidManifest.xml:88:13-59
103            android:windowSoftInputMode="adjustResize" />
103-->src\main\AndroidManifest.xml:89:13-55
104        <activity
104-->src\main\AndroidManifest.xml:90:9-93:55
105            android:name="com.example.accountmanager.MainActivity"
105-->src\main\AndroidManifest.xml:91:13-41
106            android:configChanges="orientation|screenSize"
106-->src\main\AndroidManifest.xml:92:13-59
107            android:windowSoftInputMode="adjustPan" />
107-->src\main\AndroidManifest.xml:93:13-52
108
109        <meta-data
109-->src\main\AndroidManifest.xml:95:9-97:57
110            android:name="preloaded_fonts"
110-->src\main\AndroidManifest.xml:96:13-43
111            android:resource="@array/preloaded_fonts" />
111-->src\main\AndroidManifest.xml:97:13-54
112
113        <service
113-->src\main\AndroidManifest.xml:99:9-101:72
114            android:name="Async.AsyncWork"
114-->src\main\AndroidManifest.xml:100:13-43
115            android:permission="android.permission.BIND_JOB_SERVICE" />
115-->src\main\AndroidManifest.xml:101:13-69
116
117        <activity
117-->[androidx.biometric:biometric:1.0.1] AndroidManifest.xml:28:9-31:67
118            android:name="androidx.biometric.DeviceCredentialHandlerActivity"
118-->[androidx.biometric:biometric:1.0.1] AndroidManifest.xml:29:13-78
119            android:exported="true"
119-->[androidx.biometric:biometric:1.0.1] AndroidManifest.xml:30:13-36
120            android:theme="@style/DeviceCredentialHandlerTheme" />
120-->[androidx.biometric:biometric:1.0.1] AndroidManifest.xml:31:13-64
121
122        <provider
122-->[androidx.work:work-runtime:2.4.0] AndroidManifest.xml:31:9-37:35
123            android:name="androidx.work.impl.WorkManagerInitializer"
123-->[androidx.work:work-runtime:2.4.0] AndroidManifest.xml:32:13-69
124            android:authorities="com.example.passwordmanager.workmanager-init"
124-->[androidx.work:work-runtime:2.4.0] AndroidManifest.xml:33:13-68
125            android:directBootAware="false"
125-->[androidx.work:work-runtime:2.4.0] AndroidManifest.xml:34:13-44
126            android:exported="false"
126-->[androidx.work:work-runtime:2.4.0] AndroidManifest.xml:35:13-37
127            android:multiprocess="true" />
127-->[androidx.work:work-runtime:2.4.0] AndroidManifest.xml:36:13-40
128
129        <service
129-->[androidx.work:work-runtime:2.4.0] AndroidManifest.xml:39:9-44:35
130            android:name="androidx.work.impl.background.systemalarm.SystemAlarmService"
130-->[androidx.work:work-runtime:2.4.0] AndroidManifest.xml:40:13-88
131            android:directBootAware="false"
131-->[androidx.work:work-runtime:2.4.0] AndroidManifest.xml:41:13-44
132            android:enabled="@bool/enable_system_alarm_service_default"
132-->[androidx.work:work-runtime:2.4.0] AndroidManifest.xml:42:13-72
133            android:exported="false" />
133-->[androidx.work:work-runtime:2.4.0] AndroidManifest.xml:43:13-37
134        <service
134-->[androidx.work:work-runtime:2.4.0] AndroidManifest.xml:45:9-51:35
135            android:name="androidx.work.impl.background.systemjob.SystemJobService"
135-->[androidx.work:work-runtime:2.4.0] AndroidManifest.xml:46:13-84
136            android:directBootAware="false"
136-->[androidx.work:work-runtime:2.4.0] AndroidManifest.xml:47:13-44
137            android:enabled="@bool/enable_system_job_service_default"
137-->[androidx.work:work-runtime:2.4.0] AndroidManifest.xml:48:13-70
138            android:exported="true"
138-->[androidx.work:work-runtime:2.4.0] AndroidManifest.xml:49:13-36
139            android:permission="android.permission.BIND_JOB_SERVICE" />
139-->[androidx.work:work-runtime:2.4.0] AndroidManifest.xml:50:13-69
140        <service
140-->[androidx.work:work-runtime:2.4.0] AndroidManifest.xml:52:9-57:35
141            android:name="androidx.work.impl.foreground.SystemForegroundService"
141-->[androidx.work:work-runtime:2.4.0] AndroidManifest.xml:53:13-81
142            android:directBootAware="false"
142-->[androidx.work:work-runtime:2.4.0] AndroidManifest.xml:54:13-44
143            android:enabled="@bool/enable_system_foreground_service_default"
143-->[androidx.work:work-runtime:2.4.0] AndroidManifest.xml:55:13-77
144            android:exported="false" />
144-->[androidx.work:work-runtime:2.4.0] AndroidManifest.xml:56:13-37
145
146        <receiver
146-->[androidx.work:work-runtime:2.4.0] AndroidManifest.xml:59:9-64:35
147            android:name="androidx.work.impl.utils.ForceStopRunnable$BroadcastReceiver"
147-->[androidx.work:work-runtime:2.4.0] AndroidManifest.xml:60:13-88
148            android:directBootAware="false"
148-->[androidx.work:work-runtime:2.4.0] AndroidManifest.xml:61:13-44
149            android:enabled="true"
149-->[androidx.work:work-runtime:2.4.0] AndroidManifest.xml:62:13-35
150            android:exported="false" />
150-->[androidx.work:work-runtime:2.4.0] AndroidManifest.xml:63:13-37
151        <receiver
151-->[androidx.work:work-runtime:2.4.0] AndroidManifest.xml:65:9-75:20
152            android:name="androidx.work.impl.background.systemalarm.ConstraintProxy$BatteryChargingProxy"
152-->[androidx.work:work-runtime:2.4.0] AndroidManifest.xml:66:13-106
153            android:directBootAware="false"
153-->[androidx.work:work-runtime:2.4.0] AndroidManifest.xml:67:13-44
154            android:enabled="false"
154-->[androidx.work:work-runtime:2.4.0] AndroidManifest.xml:68:13-36
155            android:exported="false" >
155-->[androidx.work:work-runtime:2.4.0] AndroidManifest.xml:69:13-37
156            <intent-filter>
156-->[androidx.work:work-runtime:2.4.0] AndroidManifest.xml:71:13-74:29
157                <action android:name="android.intent.action.ACTION_POWER_CONNECTED" />
157-->[androidx.work:work-runtime:2.4.0] AndroidManifest.xml:72:17-87
157-->[androidx.work:work-runtime:2.4.0] AndroidManifest.xml:72:25-84
158                <action android:name="android.intent.action.ACTION_POWER_DISCONNECTED" />
158-->[androidx.work:work-runtime:2.4.0] AndroidManifest.xml:73:17-90
158-->[androidx.work:work-runtime:2.4.0] AndroidManifest.xml:73:25-87
159            </intent-filter>
160        </receiver>
161        <receiver
161-->[androidx.work:work-runtime:2.4.0] AndroidManifest.xml:76:9-86:20
162            android:name="androidx.work.impl.background.systemalarm.ConstraintProxy$BatteryNotLowProxy"
162-->[androidx.work:work-runtime:2.4.0] AndroidManifest.xml:77:13-104
163            android:directBootAware="false"
163-->[androidx.work:work-runtime:2.4.0] AndroidManifest.xml:78:13-44
164            android:enabled="false"
164-->[androidx.work:work-runtime:2.4.0] AndroidManifest.xml:79:13-36
165            android:exported="false" >
165-->[androidx.work:work-runtime:2.4.0] AndroidManifest.xml:80:13-37
166            <intent-filter>
166-->[androidx.work:work-runtime:2.4.0] AndroidManifest.xml:82:13-85:29
167                <action android:name="android.intent.action.BATTERY_OKAY" />
167-->[androidx.work:work-runtime:2.4.0] AndroidManifest.xml:83:17-77
167-->[androidx.work:work-runtime:2.4.0] AndroidManifest.xml:83:25-74
168                <action android:name="android.intent.action.BATTERY_LOW" />
168-->[androidx.work:work-runtime:2.4.0] AndroidManifest.xml:84:17-76
168-->[androidx.work:work-runtime:2.4.0] AndroidManifest.xml:84:25-73
169            </intent-filter>
170        </receiver>
171        <receiver
171-->[androidx.work:work-runtime:2.4.0] AndroidManifest.xml:87:9-97:20
172            android:name="androidx.work.impl.background.systemalarm.ConstraintProxy$StorageNotLowProxy"
172-->[androidx.work:work-runtime:2.4.0] AndroidManifest.xml:88:13-104
173            android:directBootAware="false"
173-->[androidx.work:work-runtime:2.4.0] AndroidManifest.xml:89:13-44
174            android:enabled="false"
174-->[androidx.work:work-runtime:2.4.0] AndroidManifest.xml:90:13-36
175            android:exported="false" >
175-->[androidx.work:work-runtime:2.4.0] AndroidManifest.xml:91:13-37
176            <intent-filter>
176-->[androidx.work:work-runtime:2.4.0] AndroidManifest.xml:93:13-96:29
177                <action android:name="android.intent.action.DEVICE_STORAGE_LOW" />
177-->[androidx.work:work-runtime:2.4.0] AndroidManifest.xml:94:17-83
177-->[androidx.work:work-runtime:2.4.0] AndroidManifest.xml:94:25-80
178                <action android:name="android.intent.action.DEVICE_STORAGE_OK" />
178-->[androidx.work:work-runtime:2.4.0] AndroidManifest.xml:95:17-82
178-->[androidx.work:work-runtime:2.4.0] AndroidManifest.xml:95:25-79
179            </intent-filter>
180        </receiver>
181        <receiver
181-->[androidx.work:work-runtime:2.4.0] AndroidManifest.xml:98:9-107:20
182            android:name="androidx.work.impl.background.systemalarm.ConstraintProxy$NetworkStateProxy"
182-->[androidx.work:work-runtime:2.4.0] AndroidManifest.xml:99:13-103
183            android:directBootAware="false"
183-->[androidx.work:work-runtime:2.4.0] AndroidManifest.xml:100:13-44
184            android:enabled="false"
184-->[androidx.work:work-runtime:2.4.0] AndroidManifest.xml:101:13-36
185            android:exported="false" >
185-->[androidx.work:work-runtime:2.4.0] AndroidManifest.xml:102:13-37
186            <intent-filter>
186-->[androidx.work:work-runtime:2.4.0] AndroidManifest.xml:104:13-106:29
187                <action android:name="android.net.conn.CONNECTIVITY_CHANGE" />
187-->[androidx.work:work-runtime:2.4.0] AndroidManifest.xml:105:17-79
187-->[androidx.work:work-runtime:2.4.0] AndroidManifest.xml:105:25-76
188            </intent-filter>
189        </receiver>
190        <receiver
190-->[androidx.work:work-runtime:2.4.0] AndroidManifest.xml:108:9-119:20
191            android:name="androidx.work.impl.background.systemalarm.RescheduleReceiver"
191-->[androidx.work:work-runtime:2.4.0] AndroidManifest.xml:109:13-88
192            android:directBootAware="false"
192-->[androidx.work:work-runtime:2.4.0] AndroidManifest.xml:110:13-44
193            android:enabled="false"
193-->[androidx.work:work-runtime:2.4.0] AndroidManifest.xml:111:13-36
194            android:exported="false" >
194-->[androidx.work:work-runtime:2.4.0] AndroidManifest.xml:112:13-37
195            <intent-filter>
195-->[androidx.work:work-runtime:2.4.0] AndroidManifest.xml:114:13-118:29
196                <action android:name="android.intent.action.BOOT_COMPLETED" />
196-->[androidx.work:work-runtime:2.4.0] AndroidManifest.xml:115:17-79
196-->[androidx.work:work-runtime:2.4.0] AndroidManifest.xml:115:25-76
197                <action android:name="android.intent.action.TIME_SET" />
197-->[androidx.work:work-runtime:2.4.0] AndroidManifest.xml:116:17-73
197-->[androidx.work:work-runtime:2.4.0] AndroidManifest.xml:116:25-70
198                <action android:name="android.intent.action.TIMEZONE_CHANGED" />
198-->[androidx.work:work-runtime:2.4.0] AndroidManifest.xml:117:17-81
198-->[androidx.work:work-runtime:2.4.0] AndroidManifest.xml:117:25-78
199            </intent-filter>
200        </receiver>
201        <receiver
201-->[androidx.work:work-runtime:2.4.0] AndroidManifest.xml:120:9-129:20
202            android:name="androidx.work.impl.background.systemalarm.ConstraintProxyUpdateReceiver"
202-->[androidx.work:work-runtime:2.4.0] AndroidManifest.xml:121:13-99
203            android:directBootAware="false"
203-->[androidx.work:work-runtime:2.4.0] AndroidManifest.xml:122:13-44
204            android:enabled="@bool/enable_system_alarm_service_default"
204-->[androidx.work:work-runtime:2.4.0] AndroidManifest.xml:123:13-72
205            android:exported="false" >
205-->[androidx.work:work-runtime:2.4.0] AndroidManifest.xml:124:13-37
206            <intent-filter>
206-->[androidx.work:work-runtime:2.4.0] AndroidManifest.xml:126:13-128:29
207                <action android:name="androidx.work.impl.background.systemalarm.UpdateProxies" />
207-->[androidx.work:work-runtime:2.4.0] AndroidManifest.xml:127:17-98
207-->[androidx.work:work-runtime:2.4.0] AndroidManifest.xml:127:25-95
208            </intent-filter>
209        </receiver>
210        <receiver
210-->[androidx.work:work-runtime:2.4.0] AndroidManifest.xml:130:9-140:20
211            android:name="androidx.work.impl.diagnostics.DiagnosticsReceiver"
211-->[androidx.work:work-runtime:2.4.0] AndroidManifest.xml:131:13-78
212            android:directBootAware="false"
212-->[androidx.work:work-runtime:2.4.0] AndroidManifest.xml:132:13-44
213            android:enabled="true"
213-->[androidx.work:work-runtime:2.4.0] AndroidManifest.xml:133:13-35
214            android:exported="true"
214-->[androidx.work:work-runtime:2.4.0] AndroidManifest.xml:134:13-36
215            android:permission="android.permission.DUMP" >
215-->[androidx.work:work-runtime:2.4.0] AndroidManifest.xml:135:13-57
216            <intent-filter>
216-->[androidx.work:work-runtime:2.4.0] AndroidManifest.xml:137:13-139:29
217                <action android:name="androidx.work.diagnostics.REQUEST_DIAGNOSTICS" />
217-->[androidx.work:work-runtime:2.4.0] AndroidManifest.xml:138:17-88
217-->[androidx.work:work-runtime:2.4.0] AndroidManifest.xml:138:25-85
218            </intent-filter>
219        </receiver>
220
221        <service
221-->[androidx.room:room-runtime:2.2.5] AndroidManifest.xml:25:9-28:40
222            android:name="androidx.room.MultiInstanceInvalidationService"
222-->[androidx.room:room-runtime:2.2.5] AndroidManifest.xml:26:13-74
223            android:directBootAware="true"
223-->[androidx.room:room-runtime:2.2.5] AndroidManifest.xml:27:13-43
224            android:exported="false" />
224-->[androidx.room:room-runtime:2.2.5] AndroidManifest.xml:28:13-37
225
226        <provider
226-->[androidx.lifecycle:lifecycle-process:2.2.0] AndroidManifest.xml:25:9-29:43
227            android:name="androidx.lifecycle.ProcessLifecycleOwnerInitializer"
227-->[androidx.lifecycle:lifecycle-process:2.2.0] AndroidManifest.xml:26:13-79
228            android:authorities="com.example.passwordmanager.lifecycle-process"
228-->[androidx.lifecycle:lifecycle-process:2.2.0] AndroidManifest.xml:27:13-69
229            android:exported="false"
229-->[androidx.lifecycle:lifecycle-process:2.2.0] AndroidManifest.xml:28:13-37
230            android:multiprocess="true" />
230-->[androidx.lifecycle:lifecycle-process:2.2.0] AndroidManifest.xml:29:13-40
231    </application>
232
233</manifest>